INFO [2016-09-21 19:08:36] Max kW happens at 2016-01-12 03:05:00
INFO [2016-09-21 19:08:47] Unmet kWh is at - 1188.58 kWh
INFO [2016-09-21 19:08:47] -- Threshold is 113.09 kWh -- Demand target is 1320.16 kW -- Increment is 0.05 -- Test Capacity is 12 kwh
INFO [2016-09-21 19:08:50] Unmet kWh is at - 1061.65 kWh
INFO [2016-09-21 19:08:50] -- Threshold is 113.09 kWh -- Demand target is 1320.16 kW -- Increment is 0.05 -- Test Capacity is 23 kwh
INFO [2016-09-21 19:08:54] Unmet kWh is at - 963.72 kWh
INFO [2016-09-21 19:08:54] -- Threshold is 113.09 kWh -- Demand target is 1320.16 kW -- Increment is 0.05 -- Test Capacity is 34 kwh
INFO [2016-09-21 19:08:56] Unmet kWh is at - 877.82 kWh
INFO [2016-09-21 19:08:56] -- Threshold is 113.09 kWh -- Demand target is 1320.16 kW -- Increment is 0.05 -- Test Capacity is 45.01 kwh
INFO [2016-09-21 19:09:00] Unmet kWh is at - 815.58 kWh
INFO [2016-09-21 19:09:00] -- Threshold is 113.09 kWh -- Demand target is 1320.16 kW -- Increment is 0.05 -- Test Capacity is 56.01 kwh
INFO [2016-09-21 19:09:03] Unmet kWh is at - 746.3 kWh
INFO [2016-09-21 19:09:03] -- Threshold is 113.09 kWh -- Demand target is 1320.16 kW -- Increment is 0.05 -- Test Capacity is 67.01 kwh
INFO [2016-09-21 19:09:07] Unmet kWh is at - 676.27 kWh
INFO [2016-09-21 19:09:07] -- Threshold is 113.09 kWh -- Demand target is 1320.16 kW -- Increment is 0.05 -- Test Capacity is 78.01 kwh
INFO [2016-09-21 19:09:10] Unmet kWh is at - 614.09 kWh
INFO [2016-09-21 19:09:10] -- Threshold is 113.09 kWh -- Demand target is 1320.16 kW -- Increment is 0.05 -- Test Capacity is 89.01 kwh
INFO [2016-09-21 19:09:13] Unmet kWh is at - 572.42 kWh
INFO [2016-09-21 19:09:13] -- Threshold is 113.09 kWh -- Demand target is 1320.16 kW -- Increment is 0.05 -- Test Capacity is 100.01 kwh
INFO [2016-09-21 19:09:16] Unmet kWh is at - 537.18 kWh
INFO [2016-09-21 19:09:16] -- Threshold is 113.09 kWh -- Demand target is 1320.16 kW -- Increment is 0.05 -- Test Capacity is 111.01 kwh
INFO [2016-09-21 19:09:20] Unmet kWh is at - 497.77 kWh
INFO [2016-09-21 19:09:20] -- Threshold is 113.09 kWh -- Demand target is 1320.16 kW -- Increment is 0.05 -- Test Capacity is 122.01 kwh
INFO [2016-09-21 19:09:22] Unmet kWh is at - 457.63 kWh
INFO [2016-09-21 19:09:23] -- Threshold is 113.09 kWh -- Demand target is 1320.16 kW -- Increment is 0.05 -- Test Capacity is 133.02 kwh
INFO [2016-09-21 19:09:25] Unmet kWh is at - 407.43 kWh
INFO [2016-09-21 19:09:25] -- Threshold is 113.09 kWh -- Demand target is 1320.16 kW -- Increment is 0.05 -- Test Capacity is 144.02 kwh
INFO [2016-09-21 19:09:29] Unmet kWh is at - 357.73 kWh
INFO [2016-09-21 19:09:29] -- Threshold is 113.09 kWh -- Demand target is 1320.16 kW -- Increment is 0.05 -- Test Capacity is 155.02 kwh
INFO [2016-09-21 19:09:32] Unmet kWh is at - 332.98 kWh
INFO [2016-09-21 19:09:32] -- Threshold is 113.09 kWh -- Demand target is 1320.16 kW -- Increment is 0.05 -- Test Capacity is 166.02 kwh
INFO [2016-09-21 19:09:35] Unmet kWh is at - 309.52 kWh
INFO [2016-09-21 19:09:35] -- Threshold is 113.09 kWh -- Demand target is 1320.16 kW -- Increment is 0.05 -- Test Capacity is 177.02 kwh
INFO [2016-09-21 19:09:38] Unmet kWh is at - 292.37 kWh
INFO [2016-09-21 19:09:38] -- Threshold is 113.09 kWh -- Demand target is 1320.16 kW -- Increment is 0.05 -- Test Capacity is 188.02 kwh
INFO [2016-09-21 19:09:42] Unmet kWh is at - 279.52 kWh
INFO [2016-09-21 19:09:42] -- Threshold is 113.09 kWh -- Demand target is 1320.16 kW -- Increment is 0.05 -- Test Capacity is 199.02 kwh
INFO [2016-09-21 19:09:45] Unmet kWh is at - 261.65 kWh
INFO [2016-09-21 19:09:45] -- Threshold is 113.09 kWh -- Demand target is 1320.16 kW -- Increment is 0.05 -- Test Capacity is 210.03 kwh
INFO [2016-09-21 19:09:48] Unmet kWh is at - 240.3 kWh
INFO [2016-09-21 19:09:48] -- Threshold is 113.09 kWh -- Demand target is 1320.16 kW -- Increment is 0.05 -- Test Capacity is 221.03 kwh
INFO [2016-09-21 19:09:51] Unmet kWh is at - 225.24 kWh
INFO [2016-09-21 19:09:51] -- Threshold is 113.09 kWh -- Demand target is 1320.16 kW -- Increment is 0.05 -- Test Capacity is 232.03 kwh
INFO [2016-09-21 19:09:55] Unmet kWh is at - 211.85 kWh
INFO [2016-09-21 19:09:55] -- Threshold is 113.09 kWh -- Demand target is 1320.16 kW -- Increment is 0.05 -- Test Capacity is 243.03 kwh
INFO [2016-09-21 19:09:58] Unmet kWh is at - 197.91 kWh
INFO [2016-09-21 19:09:58] -- Threshold is 113.09 kWh -- Demand target is 1320.16 kW -- Increment is 0.05 -- Test Capacity is 254.03 kwh
INFO [2016-09-21 19:10:01] Unmet kWh is at - 184.49 kWh
INFO [2016-09-21 19:10:01] -- Threshold is 113.09 kWh -- Demand target is 1320.16 kW -- Increment is 0.05 -- Test Capacity is 265.03 kwh
INFO [2016-09-21 19:10:04] Unmet kWh is at - 174.23 kWh
INFO [2016-09-21 19:10:04] -- Threshold is 113.09 kWh -- Demand target is 1320.16 kW -- Increment is 0.05 -- Test Capacity is 276.03 kwh
INFO [2016-09-21 19:10:07] Unmet kWh is at - 166.53 kWh
INFO [2016-09-21 19:10:07] -- Threshold is 113.09 kWh -- Demand target is 1320.16 kW -- Increment is 0.05 -- Test Capacity is 287.03 kwh
INFO [2016-09-21 19:10:11] Unmet kWh is at - 158.83 kWh
INFO [2016-09-21 19:10:11] -- Threshold is 113.09 kWh -- Demand target is 1320.16 kW -- Increment is 0.05 -- Test Capacity is 298.04 kwh
INFO [2016-09-21 19:10:14] Unmet kWh is at - 155.96 kWh
INFO [2016-09-21 19:10:14] -- Threshold is 113.09 kWh -- Demand target is 1320.16 kW -- Increment is 0.05 -- Test Capacity is 309.04 kwh
INFO [2016-09-21 19:10:18] Unmet kWh is at - 155.96 kWh
INFO [2016-09-21 19:10:18] -- Threshold is 113.09 kWh -- Demand target is 1320.16 kW -- Increment is 0.05 -- Test Capacity is 320.04 kwh
INFO [2016-09-21 19:10:21] Unmet kWh is at - 152.7 kWh
INFO [2016-09-21 19:10:21] -- Threshold is 113.09 kWh -- Demand target is 1320.16 kW -- Increment is 0.05 -- Test Capacity is 331.04 kwh
INFO [2016-09-21 19:10:25] Unmet kWh is at - 145 kWh
INFO [2016-09-21 19:10:25] -- Threshold is 113.09 kWh -- Demand target is 1320.16 kW -- Increment is 0.05 -- Test Capacity is 342.04 kwh
INFO [2016-09-21 19:10:27] Unmet kWh is at - 137.3 kWh
INFO [2016-09-21 19:10:27] -- Threshold is 113.09 kWh -- Demand target is 1320.16 kW -- Increment is 0.05 -- Test Capacity is 353.04 kwh
INFO [2016-09-21 19:10:31] Unmet kWh is at - 129.6 kWh
INFO [2016-09-21 19:10:31] -- Threshold is 113.09 kWh -- Demand target is 1320.16 kW -- Increment is 0.05 -- Test Capacity is 364.04 kwh
INFO [2016-09-21 19:10:34] Unmet kWh is at - 121.9 kWh
INFO [2016-09-21 19:10:34] -- Threshold is 113.09 kWh -- Demand target is 1320.16 kW -- Increment is 0.05 -- Test Capacity is 375.05 kwh
INFO [2016-09-21 19:10:37] Unmet kWh is at - 114.2 kWh
INFO [2016-09-21 19:10:37] -- Threshold is 113.09 kWh -- Demand target is 1320.16 kW -- Increment is 0.05 -- Test Capacity is 386.05 kwh
INFO [2016-09-21 19:10:40] Unmet kWh is at - 109.01 kWh
INFO [2016-09-21 19:10:40] -- Threshold is 113.09 kWh -- Demand target is 1320.16 kW -- Increment is 0.025 -- Test Capacity is 386.05 kwh
INFO [2016-09-21 19:10:43] Unmet kWh is at - 110.35 kWh
INFO [2016-09-21 19:10:43] -- Threshold is 113.09 kWh -- Demand target is 1320.16 kW -- Increment is 0.0125 -- Test Capacity is 386.05 kwh
INFO [2016-09-21 19:10:46] Unmet kWh is at - 112.27 kWh
INFO [2016-09-21 19:10:46] -- Threshold is 113.09 kWh -- Demand target is 1320.16 kW -- Increment is 0.00625 -- Test Capacity is 386.05 kwh
INFO [2016-09-21 19:10:50] Unmet kWh is at - 113.23 kWh
INFO [2016-09-21 19:10:50] -- Threshold is 113.09 kWh -- Demand target is 1320.16 kW -- Increment is 0.00625 -- Test Capacity is 387.42 kwh
INFO [2016-09-21 19:10:53] Unmet kWh is at - 112.27 kWh
INFO [2016-09-21 19:10:53] -- Threshold is 113.09 kWh -- Demand target is 1320.16 kW -- Increment is 0.003125 -- Test Capacity is 387.42 kwh
INFO [2016-09-21 19:10:56] Unmet kWh is at - 112.75 kWh
INFO [2016-09-21 19:10:56] -- Threshold is 113.09 kWh -- Demand target is 1320.16 kW -- Increment is 0.0015625 -- Test Capacity is 387.42 kwh
INFO [2016-09-21 19:10:59] Unmet kWh is at - 112.99 kWh
INFO [2016-09-21 19:10:59] -- Threshold is 113.09 kWh -- Demand target is 1320.16 kW -- Increment is 0.00078125 -- Test Capacity is 387.42 kwh
INFO [2016-09-21 19:11:04] Unmet kWh is at - 113.11 kWh
INFO [2016-09-21 19:11:04] -- Threshold is 113.09 kWh -- Demand target is 1320.16 kW -- Increment is 0.00078125 -- Test Capacity is 387.59 kwh
INFO [2016-09-21 19:11:09] Unmet kWh is at - 112.99 kWh
INFO [2016-09-21 19:11:09] -- Threshold is 113.09 kWh -- Demand target is 1320.16 kW -- Increment is 0.000390625 -- Test Capacity is 387.59 kwh
INFO [2016-09-21 19:11:12] Unmet kWh is at - 113.05 kWh
INFO [2016-09-21 19:11:12] -- Threshold is 113.09 kWh -- Demand target is 1320.16 kW -- Increment is 0.000390625 -- Test Capacity is 387.68 kwh
INFO [2016-09-21 19:11:12] Final capacity is 387.679981475324 kwh
